Using pre-set license
Built from '2022.3/staging' branch; Version is '2022.3.29f1 (8d510ca76d2b) revision 9261324'; Using compiler version '192829333'; Build Type 'Release'
OS: 'Windows 11  (10.0.22631) 64bit Core' Language: 'es' Physical Memory: 20373 MB
BatchMode: 1, IsHumanControllingUs: 0, StartBugReporterOnCrash: 0, Is64bit: 1, IsPro: 1

COMMAND LINE ARGUMENTS:
C:\Program Files\Unity\Hub\Editor\2022.3.29f1\Editor\Unity.exe
-adb2
-batchMode
-noUpm
-name
AssetImportWorker1
-projectPath
C:/Users/juanf/Documents/proyecto final 1
-logFile
Logs/AssetImportWorker1.log
-srvPort
54004
Successfully changed project path to: C:/Users/juanf/Documents/proyecto final 1
C:/Users/juanf/Documents/proyecto final 1
[UnityMemory] Configuration Parameters - Can be set up in boot.config
    "memorysetup-bucket-allocator-granularity=16"
    "memorysetup-bucket-allocator-bucket-count=8"
    "memorysetup-bucket-allocator-block-size=33554432"
    "memorysetup-bucket-allocator-block-count=8"
    "memorysetup-main-allocator-block-size=16777216"
    "memorysetup-thread-allocator-block-size=16777216"
    "memorysetup-gfx-main-allocator-block-size=16777216"
    "memorysetup-gfx-thread-allocator-block-size=16777216"
    "memorysetup-cache-allocator-block-size=4194304"
    "memorysetup-typetree-allocator-block-size=2097152"
    "memorysetup-profiler-bucket-allocator-granularity=16"
    "memorysetup-profiler-bucket-allocator-bucket-count=8"
    "memorysetup-profiler-bucket-allocator-block-size=33554432"
    "memorysetup-profiler-bucket-allocator-block-count=8"
    "memorysetup-profiler-allocator-block-size=16777216"
    "memorysetup-profiler-editor-allocator-block-size=1048576"
    "memorysetup-temp-allocator-size-main=16777216"
    "memorysetup-job-temp-allocator-block-size=2097152"
    "memorysetup-job-temp-allocator-block-size-background=1048576"
    "memorysetup-job-temp-allocator-reduction-small-platforms=262144"
    "memorysetup-allocator-temp-initial-block-size-main=262144"
    "memorysetup-allocator-temp-initial-block-size-worker=262144"
    "memorysetup-temp-allocator-size-background-worker=32768"
    "memorysetup-temp-allocator-size-job-worker=262144"
    "memorysetup-temp-allocator-size-preload-manager=33554432"
    "memorysetup-temp-allocator-size-nav-mesh-worker=65536"
    "memorysetup-temp-allocator-size-audio-worker=65536"
    "memorysetup-temp-allocator-size-cloud-worker=32768"
    "memorysetup-temp-allocator-size-gi-baking-worker=262144"
    "memorysetup-temp-allocator-size-gfx=262144"
Player connection [3256] Host "[IP] 192.168.1.68 [Port] 0 [Flags] 2 [Guid] 3072567629 [EditorId] 3072567629 [Version] 1048832 [Id] WindowsEditor(7,DESKTOP-7VE2OM6) [Debug] 1 [PackageName] WindowsEditor [ProjectName] Editor" joined multi-casting on [225.0.0.222:54997]...

Player connection [3256] Host "[IP] 192.168.1.68 [Port] 0 [Flags] 2 [Guid] 3072567629 [EditorId] 3072567629 [Version] 1048832 [Id] WindowsEditor(7,DESKTOP-7VE2OM6) [Debug] 1 [PackageName] WindowsEditor [ProjectName] Editor" joined alternative multi-casting on [225.0.0.222:34997]...

[Physics::Module] Initialized MultithreadedJobDispatcher with 11 workers.
Refreshing native plugins compatible for Editor in 20.46 ms, found 3 plugins.
Preloading 0 native plugins for Editor in 0.00 ms.
Initialize engine version: 2022.3.29f1 (8d510ca76d2b)
[Subsystems] Discovering subsystems at path C:/Program Files/Unity/Hub/Editor/2022.3.29f1/Editor/Data/Resources/UnitySubsystems
[Subsystems] Discovering subsystems at path C:/Users/juanf/Documents/proyecto final 1/Assets
GfxDevice: creating device client; threaded=0; jobified=0
Direct3D:
    Version:  Direct3D 11.0 [level 11.1]
    Renderer: AMD Radeon(TM) Graphics (ID=0x1638)
    Vendor:   ATI
    VRAM:     10186 MB
    Driver:   31.0.12027.9001
Initialize mono
Mono path[0] = 'C:/Program Files/Unity/Hub/Editor/2022.3.29f1/Editor/Data/Managed'
Mono path[1] = 'C:/Program Files/Unity/Hub/Editor/2022.3.29f1/Editor/Data/MonoBleedingEdge/lib/mono/unityjit-win32'
Mono config path = 'C:/Program Files/Unity/Hub/Editor/2022.3.29f1/Editor/Data/MonoBleedingEdge/etc'
Using monoOptions --debugger-agent=transport=dt_socket,embedding=1,server=y,suspend=n,address=127.0.0.1:56424
Begin MonoManager ReloadAssembly
Registering precompiled unity dll's ...
Register platform support module: C:/Program Files/Unity/Hub/Editor/2022.3.29f1/Editor/Data/PlaybackEngines/AndroidPlayer/UnityEditor.Android.Extensions.dll
Register platform support module: C:/Program Files/Unity/Hub/Editor/2022.3.29f1/Editor/Data/PlaybackEngines/WindowsStandaloneSupport/UnityEditor.WindowsStandalone.Extensions.dll
Registered in 0.031824 seconds.
- Loaded All Assemblies, in  0.546 seconds
Native extension for WindowsStandalone target not found
Native extension for Android target not found
Android Extension - Scanning For ADB Devices 506 ms
Mono: successfully reloaded assembly
- Finished resetting the current domain, in  0.935 seconds
Domain Reload Profiling: 1473ms
	BeginReloadAssembly (191ms)
		ExecutionOrderSort (0ms)
		DisableScriptedObjects (0ms)
		BackupInstance (0ms)
		ReleaseScriptingObjects (0ms)
		CreateAndSetChildDomain (1ms)
	RebuildCommonClasses (41ms)
	RebuildNativeTypeToScriptingClass (9ms)
	initialDomainReloadingComplete (105ms)
	LoadAllAssembliesAndSetupDomain (191ms)
		LoadAssemblies (184ms)
		RebuildTransferFunctionScriptingTraits (0ms)
		AnalyzeDomain (186ms)
			TypeCache.Refresh (185ms)
				TypeCache.ScanAssembly (167ms)
			ScanForSourceGeneratedMonoScriptInfo (0ms)
			ResolveRequiredComponents (0ms)
	FinalizeReload (936ms)
		ReleaseScriptCaches (0ms)
		RebuildScriptCaches (0ms)
		SetupLoadedEditorAssemblies (870ms)
			LogAssemblyErrors (0ms)
			InitializePlatformSupportModulesInManaged (659ms)
			SetLoadedEditorAssemblies (5ms)
			RefreshPlugins (0ms)
			BeforeProcessingInitializeOnLoad (3ms)
			ProcessInitializeOnLoadAttributes (147ms)
			ProcessInitializeOnLoadMethodAttributes (56ms)
			AfterProcessingInitializeOnLoad (0ms)
			EditorAssembliesLoaded (0ms)
		ExecutionOrderSort2 (0ms)
		AwakeInstancesAfterBackupRestoration (0ms)
========================================================================
Worker process is ready to serve import requests
Begin MonoManager ReloadAssembly
- Loaded All Assemblies, in  0.964 seconds
Refreshing native plugins compatible for Editor in 9.61 ms, found 3 plugins.
Native extension for WindowsStandalone target not found
Native extension for Android target not found
Package Manager log level set to [2]
[Package Manager] Server::EnsureServerProcessIsRunning -- launch failed, reason: Unity was launched with the -noUpm command-line argument
[Package Manager] UpmClient::Send -- Unable to send message (not connected to UPM process).
[Package Manager] Cannot connect to Unity Package Manager local server
Mono: successfully reloaded assembly
- Finished resetting the current domain, in  0.722 seconds
Domain Reload Profiling: 1674ms
	BeginReloadAssembly (256ms)
		ExecutionOrderSort (0ms)
		DisableScriptedObjects (8ms)
		BackupInstance (0ms)
		ReleaseScriptingObjects (0ms)
		CreateAndSetChildDomain (32ms)
	RebuildCommonClasses (43ms)
	RebuildNativeTypeToScriptingClass (10ms)
	initialDomainReloadingComplete (68ms)
	LoadAllAssembliesAndSetupDomain (573ms)
		LoadAssemblies (562ms)
		RebuildTransferFunctionScriptingTraits (0ms)
		AnalyzeDomain (183ms)
			TypeCache.Refresh (164ms)
				TypeCache.ScanAssembly (148ms)
			ScanForSourceGeneratedMonoScriptInfo (11ms)
			ResolveRequiredComponents (5ms)
	FinalizeReload (723ms)
		ReleaseScriptCaches (0ms)
		RebuildScriptCaches (0ms)
		SetupLoadedEditorAssemblies (560ms)
			LogAssemblyErrors (0ms)
			InitializePlatformSupportModulesInManaged (35ms)
			SetLoadedEditorAssemblies (4ms)
			RefreshPlugins (0ms)
			BeforeProcessingInitializeOnLoad (87ms)
			ProcessInitializeOnLoadAttributes (376ms)
			ProcessInitializeOnLoadMethodAttributes (24ms)
			AfterProcessingInitializeOnLoad (34ms)
			EditorAssembliesLoaded (0ms)
		ExecutionOrderSort2 (0ms)
		AwakeInstancesAfterBackupRestoration (8ms)
Launched and connected shader compiler UnityShaderCompiler.exe after 0.08 seconds
Refreshing native plugins compatible for Editor in 14.75 ms, found 3 plugins.
Preloading 0 native plugins for Editor in 0.00 ms.
Unloading 3095 Unused Serialized files (Serialized files now loaded: 0)
Unloading 33 unused Assets / (57.6 KB). Loaded Objects now: 3558.
Memory consumption went from 124.7 MB to 124.6 MB.
Total: 4.524200 ms (FindLiveObjects: 0.456900 ms CreateObjectMapping: 0.308300 ms MarkObjects: 3.473400 ms  DeleteObjects: 0.283800 ms)

AssetImportParameters requested are different than current active one (requested -> active):
  custom:container-demuxer-ogg: 62fdf1f143b41e24485cea50d1cbac27 -> 
  custom:video-decoder-ogg-theora: a1e56fd34408186e4bbccfd4996cb3dc -> 
  custom:framework-win-MediaFoundation: 216162199b28c13a410421893ffa2e32 -> 
  custom:CustomObjectIndexerAttribute: 9a22284fe3817be447336de3de66b15e -> 
  custom:container-demuxer-webm: 4f35f7cbe854078d1ac9338744f61a02 -> 
  custom:container-muxer-webm: aa71ff27fc2769a1b78a27578f13a17b -> 
  custom:video-decoder-webm-vp8: 9c59270c3fd7afecdb556c50c9e8de78 -> 
  custom:SearchIndexIgnoredProperties: e643bd26f0fe6173181afceb89e7c659 -> 
  custom:AudioImporter_EditorPlatform: d09bf68614088b80899f8185d706f6e7 -> 
  custom:video-encoder-webm-vp8: eb34c28f22e8b96e1ab97ce403110664 -> 
  custom:audio-decoder-ogg-vorbis: bf7c407c2cedff20999df2af8eb42d56 -> 
  custom:audio-encoder-webm-vorbis: bf7c407c2cedff20999df2af8eb42d56 -> 
========================================================================
Received Import Request.
  Time since last request: 564523.095066 seconds.
  path: Assets/casa.fbx
  artifactKey: Guid(aeeccf929fa5ee743838fc0586f8c420) Importer(815301076,1909f56bfc062723c751e8b465ee728b)
Start importing Assets/casa.fbx using Guid(aeeccf929fa5ee743838fc0586f8c420) Importer(815301076,1909f56bfc062723c751e8b465ee728b)  -> (artifact id: 'a8ec547d1e3a2d1eadc4031a17eccddf') in 0.808460 seconds
Number of updated asset objects reloaded before import = 0
Number of asset objects unloaded after import = 393
========================================================================
Received Import Request.
  Time since last request: 43.284795 seconds.
  path: Assets/texture/9964125dcaeea840380527b8c1bd5cfc_resize.png
  artifactKey: Guid(12828aba5b844c244bbbd079250c418f) Importer(815301076,1909f56bfc062723c751e8b465ee728b)
Start importing Assets/texture/9964125dcaeea840380527b8c1bd5cfc_resize.png using Guid(12828aba5b844c244bbbd079250c418f) Importer(815301076,1909f56bfc062723c751e8b465ee728b)  -> (artifact id: '5250c7d3559220b16b67d979834624fb') in 0.051533 seconds
Number of updated asset objects reloaded before import = 0
Number of asset objects unloaded after import = 2
========================================================================
Received Import Request.
  Time since last request: 0.000025 seconds.
  path: Assets/texture/img.jpg
  artifactKey: Guid(7b8a0499d024c0d44badb5c1f91ecd2b) Importer(815301076,1909f56bfc062723c751e8b465ee728b)
Start importing Assets/texture/img.jpg using Guid(7b8a0499d024c0d44badb5c1f91ecd2b) Importer(815301076,1909f56bfc062723c751e8b465ee728b)  -> (artifact id: 'dd79295420a1cc9c3b0e9e9ec77c1e9d') in 0.016222 seconds
Number of updated asset objects reloaded before import = 0
Number of asset objects unloaded after import = 2
========================================================================
Received Import Request.
  Time since last request: 0.000020 seconds.
  path: Assets/texture/lumber-desk-texture_1194-6753.jpg
  artifactKey: Guid(499c02abca95fcb46ac4eaca0dd9ab1f) Importer(815301076,1909f56bfc062723c751e8b465ee728b)
Start importing Assets/texture/lumber-desk-texture_1194-6753.jpg using Guid(499c02abca95fcb46ac4eaca0dd9ab1f) Importer(815301076,1909f56bfc062723c751e8b465ee728b)  -> (artifact id: '8fba0db8aedf7b135dde5f513f3496f0') in 0.017730 seconds
Number of updated asset objects reloaded before import = 0
Number of asset objects unloaded after import = 2
========================================================================
Received Import Request.
  Time since last request: 0.000025 seconds.
  path: Assets/texture/samsung-smart-tv-homescreen.jpg
  artifactKey: Guid(c346c1b17bb9c17418c91badaea8b1e4) Importer(815301076,1909f56bfc062723c751e8b465ee728b)
Start importing Assets/texture/samsung-smart-tv-homescreen.jpg using Guid(c346c1b17bb9c17418c91badaea8b1e4) Importer(815301076,1909f56bfc062723c751e8b465ee728b)  -> (artifact id: '7464cd8df2ae5ff1d9cdf1d80d6e0f9c') in 0.018705 seconds
Number of updated asset objects reloaded before import = 0
Number of asset objects unloaded after import = 2
========================================================================
Received Import Request.
  Time since last request: 0.000027 seconds.
  path: Assets/texture/anandhasai-sivalingan-hamada-front.jpg
  artifactKey: Guid(52c4be0df313b4846ac119e92ebc090b) Importer(815301076,1909f56bfc062723c751e8b465ee728b)
Start importing Assets/texture/anandhasai-sivalingan-hamada-front.jpg using Guid(52c4be0df313b4846ac119e92ebc090b) Importer(815301076,1909f56bfc062723c751e8b465ee728b)  -> (artifact id: '1f5e11d24bb9320a7cf2b46e01862a6f') in 0.020578 seconds
Number of updated asset objects reloaded before import = 0
Number of asset objects unloaded after import = 2
========================================================================
Received Import Request.
  Time since last request: 0.000026 seconds.
  path: Assets/texture/Catalogue+Cover+of+the+Taichung+Exhibition+by+Pu+&+Yi.jpg
  artifactKey: Guid(ef0dd71fd2825df42b4a7f24afb35429) Importer(815301076,1909f56bfc062723c751e8b465ee728b)
Start importing Assets/texture/Catalogue+Cover+of+the+Taichung+Exhibition+by+Pu+&+Yi.jpg using Guid(ef0dd71fd2825df42b4a7f24afb35429) Importer(815301076,1909f56bfc062723c751e8b465ee728b)  -> (artifact id: 'b1121338d667e8e05bf2395aa31b2636') in 0.014503 seconds
Number of updated asset objects reloaded before import = 0
Number of asset objects unloaded after import = 2
========================================================================
Received Import Request.
  Time since last request: 0.000027 seconds.
  path: Assets/texture/cardboard_box.jpg
  artifactKey: Guid(2966db18ef1c53a4388684a45dd688b0) Importer(815301076,1909f56bfc062723c751e8b465ee728b)
Start importing Assets/texture/cardboard_box.jpg using Guid(2966db18ef1c53a4388684a45dd688b0) Importer(815301076,1909f56bfc062723c751e8b465ee728b)  -> (artifact id: '8068d12f9a9b018d71d629f8a0417a96') in 0.015130 seconds
Number of updated asset objects reloaded before import = 0
Number of asset objects unloaded after import = 2
========================================================================
Received Import Request.
  Time since last request: 0.000020 seconds.
  path: Assets/texture/eaLMPf.jpg
  artifactKey: Guid(3cbd54a4f6b23d848aeeb1b5c76ec0f3) Importer(815301076,1909f56bfc062723c751e8b465ee728b)
Start importing Assets/texture/eaLMPf.jpg using Guid(3cbd54a4f6b23d848aeeb1b5c76ec0f3) Importer(815301076,1909f56bfc062723c751e8b465ee728b)  -> (artifact id: 'c3fda84acb9f633cb0c5a9f22263be3c') in 0.017248 seconds
Number of updated asset objects reloaded before import = 0
Number of asset objects unloaded after import = 2
========================================================================
Received Import Request.
  Time since last request: 166.463274 seconds.
  path: Assets/Scenes/SampleScene.unity
  artifactKey: Guid(9fc0d4010bbf28b4594072e72b8655ab) Importer(2089858483,0ecaa5967403d082aa24f35e1b516d23)
Start importing Assets/Scenes/SampleScene.unity using Guid(9fc0d4010bbf28b4594072e72b8655ab) Importer(2089858483,0ecaa5967403d082aa24f35e1b516d23)  -> (artifact id: 'fb13a3b5442fc186bada1602f0e3fca4') in 0.077993 seconds
Number of updated asset objects reloaded before import = 0
Number of asset objects unloaded after import = 1
========================================================================
Received Import Request.
  Time since last request: 0.000028 seconds.
  path: Assets/texture/robotics-2019.png
  artifactKey: Guid(733762599025e8a458cd3b44c4a9db21) Importer(2089858483,0ecaa5967403d082aa24f35e1b516d23)
Start importing Assets/texture/robotics-2019.png using Guid(733762599025e8a458cd3b44c4a9db21) Importer(2089858483,0ecaa5967403d082aa24f35e1b516d23)  -> (artifact id: '4421a36a862e6ba3ee2533ca8673692a') in 0.083502 seconds
Number of updated asset objects reloaded before import = 0
Number of asset objects unloaded after import = 1
========================================================================
Received Import Request.
  Time since last request: 0.000026 seconds.
  path: Assets/texture/floor.tx
  artifactKey: Guid(785b13ca346d55a4ba25d02801d421f1) Importer(2089858483,0ecaa5967403d082aa24f35e1b516d23)
Start importing Assets/texture/floor.tx using Guid(785b13ca346d55a4ba25d02801d421f1) Importer(2089858483,0ecaa5967403d082aa24f35e1b516d23)  -> (artifact id: 'aec9794fd0c9341ac9f699aaefb2b448') in 0.018018 seconds
Number of updated asset objects reloaded before import = 0
Number of asset objects unloaded after import = 1
========================================================================
Received Import Request.
  Time since last request: 0.000027 seconds.
  path: Assets/texture/eaLMPf.tx
  artifactKey: Guid(814a1ea10509d444a946816311d434e9) Importer(2089858483,0ecaa5967403d082aa24f35e1b516d23)
Start importing Assets/texture/eaLMPf.tx using Guid(814a1ea10509d444a946816311d434e9) Importer(2089858483,0ecaa5967403d082aa24f35e1b516d23)  -> (artifact id: 'c406084fc8d363746dfa54573b732c63') in 0.024073 seconds
Number of updated asset objects reloaded before import = 0
Number of asset objects unloaded after import = 1
========================================================================
Received Import Request.
  Time since last request: 0.000024 seconds.
  path: Assets/texture/anandhasai-sivalingan-hamada-front.jpg
  artifactKey: Guid(52c4be0df313b4846ac119e92ebc090b) Importer(2089858483,0ecaa5967403d082aa24f35e1b516d23)
Start importing Assets/texture/anandhasai-sivalingan-hamada-front.jpg using Guid(52c4be0df313b4846ac119e92ebc090b) Importer(2089858483,0ecaa5967403d082aa24f35e1b516d23)  -> (artifact id: '3fe16df473f6e1592bc0f7ddbd2e702b') in 0.061204 seconds
Number of updated asset objects reloaded before import = 0
Number of asset objects unloaded after import = 1
========================================================================
Received Import Request.
  Time since last request: 0.000046 seconds.
  path: Assets/texture/robotics-2019.tx
  artifactKey: Guid(b42d531ff7c56b740ba2c3f38543d32b) Importer(2089858483,0ecaa5967403d082aa24f35e1b516d23)
Start importing Assets/texture/robotics-2019.tx using Guid(b42d531ff7c56b740ba2c3f38543d32b) Importer(2089858483,0ecaa5967403d082aa24f35e1b516d23)  -> (artifact id: 'd745d507905aa2a7d6a4bce7fca88681') in 0.019486 seconds
Number of updated asset objects reloaded before import = 0
Number of asset objects unloaded after import = 1
========================================================================
Received Import Request.
  Time since last request: 0.000028 seconds.
  path: Assets/texture/1_V73Ai9Nc8NhSRrs8zOvcHA.png
  artifactKey: Guid(1c0f7ea6b3a9ffd41998b0abeadfe43f) Importer(2089858483,0ecaa5967403d082aa24f35e1b516d23)
Start importing Assets/texture/1_V73Ai9Nc8NhSRrs8zOvcHA.png using Guid(1c0f7ea6b3a9ffd41998b0abeadfe43f) Importer(2089858483,0ecaa5967403d082aa24f35e1b516d23)  -> (artifact id: 'dcc2d3c40331bb28f5a38f883aef3a91') in 0.056093 seconds
Number of updated asset objects reloaded before import = 0
Number of asset objects unloaded after import = 1
========================================================================
Received Import Request.
  Time since last request: 0.000022 seconds.
  path: Assets/texture/cardboard_box.jpg
  artifactKey: Guid(2966db18ef1c53a4388684a45dd688b0) Importer(2089858483,0ecaa5967403d082aa24f35e1b516d23)
Start importing Assets/texture/cardboard_box.jpg using Guid(2966db18ef1c53a4388684a45dd688b0) Importer(2089858483,0ecaa5967403d082aa24f35e1b516d23)  -> (artifact id: 'e1b975a9b6d5a2d10c0ef5db4026721d') in 0.037348 seconds
Number of updated asset objects reloaded before import = 0
Number of asset objects unloaded after import = 1
========================================================================
Received Import Request.
  Time since last request: 0.000031 seconds.
  path: Assets/texture/img.tx
  artifactKey: Guid(9b00f88710c46d644aae0168fb02159a) Importer(2089858483,0ecaa5967403d082aa24f35e1b516d23)
Start importing Assets/texture/img.tx using Guid(9b00f88710c46d644aae0168fb02159a) Importer(2089858483,0ecaa5967403d082aa24f35e1b516d23)  -> (artifact id: '196328661453f21fb027ef1e3b07fd13') in 0.020453 seconds
Number of updated asset objects reloaded before import = 0
Number of asset objects unloaded after import = 1
========================================================================
Received Import Request.
  Time since last request: 0.000038 seconds.
  path: Assets/texture/9964125dcaeea840380527b8c1bd5cfc_resize.png
  artifactKey: Guid(12828aba5b844c244bbbd079250c418f) Importer(2089858483,0ecaa5967403d082aa24f35e1b516d23)
Start importing Assets/texture/9964125dcaeea840380527b8c1bd5cfc_resize.png using Guid(12828aba5b844c244bbbd079250c418f) Importer(2089858483,0ecaa5967403d082aa24f35e1b516d23)  -> (artifact id: '8da48cd5675528e27c6d221a29716947') in 0.023636 seconds
Number of updated asset objects reloaded before import = 0
Number of asset objects unloaded after import = 1
========================================================================
Received Import Request.
  Time since last request: 0.000027 seconds.
  path: Assets/texture/45532916-dark-wood-seamless-texture-or-background.jpg
  artifactKey: Guid(e3430d4c5169ebd4a8cfa58c281615f0) Importer(2089858483,0ecaa5967403d082aa24f35e1b516d23)
Start importing Assets/texture/45532916-dark-wood-seamless-texture-or-background.jpg using Guid(e3430d4c5169ebd4a8cfa58c281615f0) Importer(2089858483,0ecaa5967403d082aa24f35e1b516d23)  -> (artifact id: '340f1c832b2a34572669a2c7d7d8af9f') in 0.022093 seconds
Number of updated asset objects reloaded before import = 0
Number of asset objects unloaded after import = 1
========================================================================
Received Import Request.
  Time since last request: 0.000020 seconds.
  path: Assets/texture/WoodFine0058_30_270.jpg
  artifactKey: Guid(c55a492c10e9da44baf55ef52240859a) Importer(2089858483,0ecaa5967403d082aa24f35e1b516d23)
Start importing Assets/texture/WoodFine0058_30_270.jpg using Guid(c55a492c10e9da44baf55ef52240859a) Importer(2089858483,0ecaa5967403d082aa24f35e1b516d23)  -> (artifact id: 'fbdc88fa326309a9b90975b43cb49567') in 0.025606 seconds
Number of updated asset objects reloaded before import = 0
Number of asset objects unloaded after import = 1
========================================================================
Received Import Request.
  Time since last request: 0.000023 seconds.
  path: Assets/texture/1_V73Ai9Nc8NhSRrs8zOvcHA.tx
  artifactKey: Guid(ac6c1d5e989409048982626f1e3f0e1c) Importer(2089858483,0ecaa5967403d082aa24f35e1b516d23)
Start importing Assets/texture/1_V73Ai9Nc8NhSRrs8zOvcHA.tx using Guid(ac6c1d5e989409048982626f1e3f0e1c) Importer(2089858483,0ecaa5967403d082aa24f35e1b516d23)  -> (artifact id: 'd3905538aca1ac357bbb30a9be0989eb') in 0.015388 seconds
Number of updated asset objects reloaded before import = 0
Number of asset objects unloaded after import = 1
========================================================================
Received Import Request.
  Time since last request: 0.000027 seconds.
  path: Assets/texture/flat.jpg
  artifactKey: Guid(94ce5ecd8ef64114ab7b028048627ed4) Importer(2089858483,0ecaa5967403d082aa24f35e1b516d23)
Start importing Assets/texture/flat.jpg using Guid(94ce5ecd8ef64114ab7b028048627ed4) Importer(2089858483,0ecaa5967403d082aa24f35e1b516d23)  -> (artifact id: '2a0b27fb9fada451e983a8c5415d3913') in 0.022617 seconds
Number of updated asset objects reloaded before import = 0
Number of asset objects unloaded after import = 1
========================================================================
Received Import Request.
  Time since last request: 0.000030 seconds.
  path: Assets/texture/b863b425430031.5634529e62625.jpg
  artifactKey: Guid(ff138829b316e544c9418f96037e0223) Importer(2089858483,0ecaa5967403d082aa24f35e1b516d23)
Start importing Assets/texture/b863b425430031.5634529e62625.jpg using Guid(ff138829b316e544c9418f96037e0223) Importer(2089858483,0ecaa5967403d082aa24f35e1b516d23)  -> (artifact id: '111436464845fff215d60759dced40e0') in 0.021537 seconds
Number of updated asset objects reloaded before import = 0
Number of asset objects unloaded after import = 1
========================================================================
Received Import Request.
  Time since last request: 0.000022 seconds.
  path: Assets/texture/9964125dcaeea840380527b8c1bd5cfc_resize.tx
  artifactKey: Guid(e5e9f5f31b1076d4da1f986c5708bffe) Importer(2089858483,0ecaa5967403d082aa24f35e1b516d23)
Start importing Assets/texture/9964125dcaeea840380527b8c1bd5cfc_resize.tx using Guid(e5e9f5f31b1076d4da1f986c5708bffe) Importer(2089858483,0ecaa5967403d082aa24f35e1b516d23)  -> (artifact id: '5d4dabdb2df18ef99480684bfbde6de2') in 0.013072 seconds
Number of updated asset objects reloaded before import = 0
Number of asset objects unloaded after import = 1
========================================================================
Received Import Request.
  Time since last request: 0.000024 seconds.
  path: Assets/texture/samsung-smart-tv-homescreen.tx
  artifactKey: Guid(a9013ed291d5c734d9f6149b8c09edd7) Importer(2089858483,0ecaa5967403d082aa24f35e1b516d23)
Start importing Assets/texture/samsung-smart-tv-homescreen.tx using Guid(a9013ed291d5c734d9f6149b8c09edd7) Importer(2089858483,0ecaa5967403d082aa24f35e1b516d23)  -> (artifact id: 'ea83281f1174f7c14dd625b4a8a981a3') in 0.015297 seconds
Number of updated asset objects reloaded before import = 0
Number of asset objects unloaded after import = 1
========================================================================
Received Import Request.
  Time since last request: 0.000024 seconds.
  path: Assets/texture/anandhasai-sivalingan-hamada-front.tx
  artifactKey: Guid(d12b34d0a7abab846bb3f9229ff17503) Importer(2089858483,0ecaa5967403d082aa24f35e1b516d23)
Start importing Assets/texture/anandhasai-sivalingan-hamada-front.tx using Guid(d12b34d0a7abab846bb3f9229ff17503) Importer(2089858483,0ecaa5967403d082aa24f35e1b516d23)  -> (artifact id: 'c0087a2776d12a942536f70252e81ef1') in 0.014040 seconds
Number of updated asset objects reloaded before import = 0
Number of asset objects unloaded after import = 1
========================================================================
Received Import Request.
  Time since last request: 0.000021 seconds.
  path: Assets/texture/45532916-dark-wood-seamless-texture-or-background.tx
  artifactKey: Guid(78b2ca7e7c8ebd443888a59befddc0ca) Importer(2089858483,0ecaa5967403d082aa24f35e1b516d23)
Start importing Assets/texture/45532916-dark-wood-seamless-texture-or-background.tx using Guid(78b2ca7e7c8ebd443888a59befddc0ca) Importer(2089858483,0ecaa5967403d082aa24f35e1b516d23)  -> (artifact id: '3c08107c124912923ba454d4205257d3') in 0.016120 seconds
Number of updated asset objects reloaded before import = 0
Number of asset objects unloaded after import = 1
========================================================================
Received Import Request.
  Time since last request: 0.000018 seconds.
  path: Assets/texture/cardboard_box.tx
  artifactKey: Guid(91c7f9b202b864849889c75b04425f62) Importer(2089858483,0ecaa5967403d082aa24f35e1b516d23)
Start importing Assets/texture/cardboard_box.tx using Guid(91c7f9b202b864849889c75b04425f62) Importer(2089858483,0ecaa5967403d082aa24f35e1b516d23)  -> (artifact id: '1c0911b3e888e524a661acb2f80280bd') in 0.015732 seconds
Number of updated asset objects reloaded before import = 0
Number of asset objects unloaded after import = 1
========================================================================
Received Import Request.
  Time since last request: 0.000022 seconds.
  path: Assets/texture/floor.jpg
  artifactKey: Guid(5dbde95444da8654cac57174ad301cc7) Importer(2089858483,0ecaa5967403d082aa24f35e1b516d23)
Start importing Assets/texture/floor.jpg using Guid(5dbde95444da8654cac57174ad301cc7) Importer(2089858483,0ecaa5967403d082aa24f35e1b516d23)  -> (artifact id: '26f43adf2f2fa4f7b2894345b358ff18') in 0.021868 seconds
Number of updated asset objects reloaded before import = 0
Number of asset objects unloaded after import = 1
========================================================================
Received Import Request.
  Time since last request: 0.000016 seconds.
  path: Assets/texture/img.jpg
  artifactKey: Guid(7b8a0499d024c0d44badb5c1f91ecd2b) Importer(2089858483,0ecaa5967403d082aa24f35e1b516d23)
Start importing Assets/texture/img.jpg using Guid(7b8a0499d024c0d44badb5c1f91ecd2b) Importer(2089858483,0ecaa5967403d082aa24f35e1b516d23)  -> (artifact id: '1c4e25577fbb97bfb9d4d38a922ef2fb') in 0.021656 seconds
Number of updated asset objects reloaded before import = 0
Number of asset objects unloaded after import = 1
========================================================================
Received Import Request.
  Time since last request: 0.000024 seconds.
  path: Assets/texture/WoodFine0058_30_270.tx
  artifactKey: Guid(f3a41f599ca1d914f8db6a8a4a36bbdf) Importer(2089858483,0ecaa5967403d082aa24f35e1b516d23)
Start importing Assets/texture/WoodFine0058_30_270.tx using Guid(f3a41f599ca1d914f8db6a8a4a36bbdf) Importer(2089858483,0ecaa5967403d082aa24f35e1b516d23)  -> (artifact id: 'a4119a8090d4ed55576f6dd8cf15240b') in 0.020264 seconds
Number of updated asset objects reloaded before import = 0
Number of asset objects unloaded after import = 1
========================================================================
Received Import Request.
  Time since last request: 0.000030 seconds.
  path: Assets/texture/lumber-desk-texture_1194-6753.tx
  artifactKey: Guid(f9c6c924778e461408a36291ada38323) Importer(2089858483,0ecaa5967403d082aa24f35e1b516d23)
Start importing Assets/texture/lumber-desk-texture_1194-6753.tx using Guid(f9c6c924778e461408a36291ada38323) Importer(2089858483,0ecaa5967403d082aa24f35e1b516d23)  -> (artifact id: 'a24ca8d9f00dab67634b43977f0d6ef0') in 0.016004 seconds
Number of updated asset objects reloaded before import = 0
Number of asset objects unloaded after import = 1
========================================================================
Received Import Request.
  Time since last request: 0.000021 seconds.
  path: Assets/texture/lumber-desk-texture_1194-6753.jpg
  artifactKey: Guid(499c02abca95fcb46ac4eaca0dd9ab1f) Importer(2089858483,0ecaa5967403d082aa24f35e1b516d23)
Start importing Assets/texture/lumber-desk-texture_1194-6753.jpg using Guid(499c02abca95fcb46ac4eaca0dd9ab1f) Importer(2089858483,0ecaa5967403d082aa24f35e1b516d23)  -> (artifact id: 'd57c3a7f6afa2c90e50eec77ac75676d') in 0.024809 seconds
Number of updated asset objects reloaded before import = 0
Number of asset objects unloaded after import = 1
========================================================================
Received Import Request.
  Time since last request: 0.000025 seconds.
  path: Assets/texture/b863b425430031.5634529e62625.tx
  artifactKey: Guid(ea2c8118bb4d5574380b0242ff97ec8c) Importer(2089858483,0ecaa5967403d082aa24f35e1b516d23)
Start importing Assets/texture/b863b425430031.5634529e62625.tx using Guid(ea2c8118bb4d5574380b0242ff97ec8c) Importer(2089858483,0ecaa5967403d082aa24f35e1b516d23)  -> (artifact id: '94e6695cdfed134ca4872b3c7733dd41') in 0.013340 seconds
Number of updated asset objects reloaded before import = 0
Number of asset objects unloaded after import = 1
========================================================================
Received Import Request.
  Time since last request: 0.000024 seconds.
  path: Assets/texture/eaLMPf.jpg
  artifactKey: Guid(3cbd54a4f6b23d848aeeb1b5c76ec0f3) Importer(2089858483,0ecaa5967403d082aa24f35e1b516d23)
Start importing Assets/texture/eaLMPf.jpg using Guid(3cbd54a4f6b23d848aeeb1b5c76ec0f3) Importer(2089858483,0ecaa5967403d082aa24f35e1b516d23)  -> (artifact id: 'fbd144a71c2ea88a797e7fb358d82a50') in 0.022508 seconds
Number of updated asset objects reloaded before import = 0
Number of asset objects unloaded after import = 1
========================================================================
Received Import Request.
  Time since last request: 0.000025 seconds.
  path: Assets/texture/samsung-smart-tv-homescreen.jpg
  artifactKey: Guid(c346c1b17bb9c17418c91badaea8b1e4) Importer(2089858483,0ecaa5967403d082aa24f35e1b516d23)
Start importing Assets/texture/samsung-smart-tv-homescreen.jpg using Guid(c346c1b17bb9c17418c91badaea8b1e4) Importer(2089858483,0ecaa5967403d082aa24f35e1b516d23)  -> (artifact id: '7626034c94e71decc19a788e7028fa56') in 0.019549 seconds
Number of updated asset objects reloaded before import = 0
Number of asset objects unloaded after import = 1
========================================================================
Received Import Request.
  Time since last request: 0.000018 seconds.
  path: Assets/texture/Catalogue+Cover+of+the+Taichung+Exhibition+by+Pu+&+Yi.jpg
  artifactKey: Guid(ef0dd71fd2825df42b4a7f24afb35429) Importer(2089858483,0ecaa5967403d082aa24f35e1b516d23)
Start importing Assets/texture/Catalogue+Cover+of+the+Taichung+Exhibition+by+Pu+&+Yi.jpg using Guid(ef0dd71fd2825df42b4a7f24afb35429) Importer(2089858483,0ecaa5967403d082aa24f35e1b516d23)  -> (artifact id: 'b2799f2e963ad51c6ff3ac5fc4c8542a') in 0.021930 seconds
Number of updated asset objects reloaded before import = 0
Number of asset objects unloaded after import = 1
========================================================================
Received Import Request.
  Time since last request: 0.000016 seconds.
  path: Assets/texture/Book1.jpg
  artifactKey: Guid(e96f5d51ab41ebd4d8de0659a3297b48) Importer(2089858483,0ecaa5967403d082aa24f35e1b516d23)
Start importing Assets/texture/Book1.jpg using Guid(e96f5d51ab41ebd4d8de0659a3297b48) Importer(2089858483,0ecaa5967403d082aa24f35e1b516d23)  -> (artifact id: 'fecc4222168998191c2dfb986d6ac3d5') in 0.022121 seconds
Number of updated asset objects reloaded before import = 0
Number of asset objects unloaded after import = 1
========================================================================
Received Prepare
Refreshing native plugins compatible for Editor in 10.93 ms, found 3 plugins.
Preloading 0 native plugins for Editor in 0.00 ms.
Unloading 0 Unused Serialized files (Serialized files now loaded: 0)
Unloading 1 unused Assets / (0.9 KB). Loaded Objects now: 3605.
Memory consumption went from 75.7 MB to 75.7 MB.
Total: 3.667300 ms (FindLiveObjects: 0.273200 ms CreateObjectMapping: 0.235800 ms MarkObjects: 3.135900 ms  DeleteObjects: 0.021600 ms)

Prepare: number of updated asset objects reloaded= 0
AssetImportParameters requested are different than current active one (requested -> active):
  custom:container-demuxer-ogg: 62fdf1f143b41e24485cea50d1cbac27 -> 
  custom:video-decoder-ogg-theora: a1e56fd34408186e4bbccfd4996cb3dc -> 
  custom:framework-win-MediaFoundation: 216162199b28c13a410421893ffa2e32 -> 
  custom:CustomObjectIndexerAttribute: 9a22284fe3817be447336de3de66b15e -> 
  custom:container-demuxer-webm: 4f35f7cbe854078d1ac9338744f61a02 -> 
  custom:container-muxer-webm: aa71ff27fc2769a1b78a27578f13a17b -> 
  custom:video-decoder-webm-vp8: 9c59270c3fd7afecdb556c50c9e8de78 -> 
  custom:SearchIndexIgnoredProperties: e643bd26f0fe6173181afceb89e7c659 -> 
  custom:AudioImporter_EditorPlatform: d09bf68614088b80899f8185d706f6e7 -> 
  custom:video-encoder-webm-vp8: eb34c28f22e8b96e1ab97ce403110664 -> 
  custom:audio-decoder-ogg-vorbis: bf7c407c2cedff20999df2af8eb42d56 -> 
  custom:audio-encoder-webm-vorbis: bf7c407c2cedff20999df2af8eb42d56 -> 
========================================================================
Received Prepare
Refreshing native plugins compatible for Editor in 9.29 ms, found 3 plugins.
Preloading 0 native plugins for Editor in 0.00 ms.
Unloading 1 Unused Serialized files (Serialized files now loaded: 0)
Unloading 1 unused Assets / (3.1 KB). Loaded Objects now: 3605.
Memory consumption went from 75.9 MB to 75.9 MB.
Total: 4.692800 ms (FindLiveObjects: 0.399500 ms CreateObjectMapping: 0.239400 ms MarkObjects: 4.026200 ms  DeleteObjects: 0.026500 ms)

Prepare: number of updated asset objects reloaded= 0
AssetImportParameters requested are different than current active one (requested -> active):
  custom:container-demuxer-ogg: 62fdf1f143b41e24485cea50d1cbac27 -> 
  custom:video-decoder-ogg-theora: a1e56fd34408186e4bbccfd4996cb3dc -> 
  custom:framework-win-MediaFoundation: 216162199b28c13a410421893ffa2e32 -> 
  custom:CustomObjectIndexerAttribute: 9a22284fe3817be447336de3de66b15e -> 
  custom:container-demuxer-webm: 4f35f7cbe854078d1ac9338744f61a02 -> 
  custom:container-muxer-webm: aa71ff27fc2769a1b78a27578f13a17b -> 
  custom:video-decoder-webm-vp8: 9c59270c3fd7afecdb556c50c9e8de78 -> 
  custom:SearchIndexIgnoredProperties: e643bd26f0fe6173181afceb89e7c659 -> 
  custom:AudioImporter_EditorPlatform: d09bf68614088b80899f8185d706f6e7 -> 
  custom:video-encoder-webm-vp8: eb34c28f22e8b96e1ab97ce403110664 -> 
  custom:audio-decoder-ogg-vorbis: bf7c407c2cedff20999df2af8eb42d56 -> 
  custom:audio-encoder-webm-vorbis: bf7c407c2cedff20999df2af8eb42d56 -> 
========================================================================
Received Prepare
Begin MonoManager ReloadAssembly
IOException: Sharing violation on path C:\Users\juanf\Documents\proyecto final 1\ProjectSettings\Packages\com.unity.testtools.codecoverage\Settings.json
  at System.IO.FileStream..ctor (System.String path, System.IO.FileMode mode, System.IO.FileAccess access, System.IO.FileShare share, System.Int32 bufferSize, System.Boolean anonymous, System.IO.FileOptions options) [0x0019e] in <467a840a914a47078e4ae9b0b1e8779e>:0 
  at System.IO.FileStream..ctor (System.String path, System.IO.FileMode mode, System.IO.FileAccess access, System.IO.FileShare share, System.Int32 bufferSize, System.IO.FileOptions options) [0x00000] in <467a840a914a47078e4ae9b0b1e8779e>:0 
  at (wrapper remoting-invoke-with-check) System.IO.FileStream..ctor(string,System.IO.FileMode,System.IO.FileAccess,System.IO.FileShare,int,System.IO.FileOptions)
  at System.IO.StreamWriter..ctor (System.String path, System.Boolean append, System.Text.Encoding encoding, System.Int32 bufferSize) [0x00055] in <467a840a914a47078e4ae9b0b1e8779e>:0 
  at System.IO.StreamWriter..ctor (System.String path) [0x00008] in <467a840a914a47078e4ae9b0b1e8779e>:0 
  at (wrapper remoting-invoke-with-check) System.IO.StreamWriter..ctor(string)
  at System.IO.File.WriteAllText (System.String path, System.String contents) [0x00026] in <467a840a914a47078e4ae9b0b1e8779e>:0 
  at UnityEditor.SettingsManagement.FileSettingsRepository.Save () [0x000e2] in .\Library\PackageCache\com.unity.settings-manager@2.0.1\Editor\FileSettingsRepository.cs:154 
  at UnityEditor.AssemblyReloadEvents.OnBeforeAssemblyReload () [0x00017] in <999670adb4c84ac4bad3ce4f6391c9c9>:0 

(Filename: ./Library/PackageCache/com.unity.settings-manager@2.0.1/Editor/FileSettingsRepository.cs Line: 154)

- Loaded All Assemblies, in  0.824 seconds
Refreshing native plugins compatible for Editor in 8.64 ms, found 3 plugins.
Native extension for WindowsStandalone target not found
Native extension for Android target not found
[Package Manager] Server::EnsureServerProcessIsRunning -- launch failed, reason: Unity was launched with the -noUpm command-line argument
[Package Manager] UpmClient::Send -- Unable to send message (not connected to UPM process).
[Package Manager] Cannot connect to Unity Package Manager local server
Mono: successfully reloaded assembly
- Finished resetting the current domain, in  1.161 seconds
Domain Reload Profiling: 1973ms
	BeginReloadAssembly (244ms)
		ExecutionOrderSort (0ms)
		DisableScriptedObjects (5ms)
		BackupInstance (0ms)
		ReleaseScriptingObjects (0ms)
		CreateAndSetChildDomain (46ms)
	RebuildCommonClasses (36ms)
	RebuildNativeTypeToScriptingClass (12ms)
	initialDomainReloadingComplete (61ms)
	LoadAllAssembliesAndSetupDomain (460ms)
		LoadAssemblies (521ms)
		RebuildTransferFunctionScriptingTraits (0ms)
		AnalyzeDomain (81ms)
			TypeCache.Refresh (66ms)
				TypeCache.ScanAssembly (58ms)
			ScanForSourceGeneratedMonoScriptInfo (10ms)
			ResolveRequiredComponents (4ms)
	FinalizeReload (1161ms)
		ReleaseScriptCaches (0ms)
		RebuildScriptCaches (0ms)
		SetupLoadedEditorAssemblies (385ms)
			LogAssemblyErrors (0ms)
			InitializePlatformSupportModulesInManaged (32ms)
			SetLoadedEditorAssemblies (3ms)
			RefreshPlugins (0ms)
			BeforeProcessingInitializeOnLoad (82ms)
			ProcessInitializeOnLoadAttributes (225ms)
			ProcessInitializeOnLoadMethodAttributes (18ms)
			AfterProcessingInitializeOnLoad (24ms)
			EditorAssembliesLoaded (0ms)
		ExecutionOrderSort2 (0ms)
		AwakeInstancesAfterBackupRestoration (6ms)
Refreshing native plugins compatible for Editor in 8.26 ms, found 3 plugins.
Preloading 0 native plugins for Editor in 0.00 ms.
Unloading 3087 Unused Serialized files (Serialized files now loaded: 0)
Unloading 24 unused Assets / (31.7 KB). Loaded Objects now: 3607.
Memory consumption went from 123.6 MB to 123.6 MB.
Total: 2.368600 ms (FindLiveObjects: 0.235100 ms CreateObjectMapping: 0.072700 ms MarkObjects: 2.005600 ms  DeleteObjects: 0.054500 ms)

Prepare: number of updated asset objects reloaded= 0
AssetImportParameters requested are different than current active one (requested -> active):
  custom:container-demuxer-ogg: 62fdf1f143b41e24485cea50d1cbac27 -> 
  custom:video-decoder-ogg-theora: a1e56fd34408186e4bbccfd4996cb3dc -> 
  custom:framework-win-MediaFoundation: 216162199b28c13a410421893ffa2e32 -> 
  custom:CustomObjectIndexerAttribute: 9a22284fe3817be447336de3de66b15e -> 
  custom:container-demuxer-webm: 4f35f7cbe854078d1ac9338744f61a02 -> 
  custom:container-muxer-webm: aa71ff27fc2769a1b78a27578f13a17b -> 
  custom:video-decoder-webm-vp8: 9c59270c3fd7afecdb556c50c9e8de78 -> 
  custom:SearchIndexIgnoredProperties: e643bd26f0fe6173181afceb89e7c659 -> 
  custom:AudioImporter_EditorPlatform: d09bf68614088b80899f8185d706f6e7 -> 
  custom:video-encoder-webm-vp8: eb34c28f22e8b96e1ab97ce403110664 -> 
  custom:audio-decoder-ogg-vorbis: bf7c407c2cedff20999df2af8eb42d56 -> 
  custom:audio-encoder-webm-vorbis: bf7c407c2cedff20999df2af8eb42d56 -> 
Editor requested this worker to shutdown with reason: Scaling down because of idle timeout
TcpMessagingSession - receive error: operation aborted. errorcode: 995, details: La operación de E/S se anuló por una salida de subproceso o por una solicitud de aplicación.
AssetImportWorker is now disconnected from the server
Process exiting
Exiting without the bug reporter. Application will terminate with return code 0